c:\users\timothy fernando\documents\retrolightningengine\retrolightningengine\temp\vc141.pdb
c:\users\timothy fernando\documents\retrolightningengine\retrolightningengine\temp\vc141.idb
c:\users\timothy fernando\documents\retrolightningengine\retrolightningengine\temp\main.obj
c:\users\timothy fernando\documents\retrolightningengine\retrolightningengine\temp\actor.obj
c:\users\timothy fernando\documents\retrolightningengine\retrolightningengine\temp\actorfactory.obj
c:\users\timothy fernando\documents\retrolightningengine\retrolightningengine\temp\aicompinterface.obj
c:\users\timothy fernando\documents\retrolightningengine\retrolightningengine\temp\attributecompinterface.obj
c:\users\timothy fernando\documents\retrolightningengine\retrolightningengine\temp\audiomanager.obj
c:\users\timothy fernando\documents\retrolightningengine\retrolightningengine\temp\collision.obj
c:\users\timothy fernando\documents\retrolightningengine\retrolightningengine\temp\componentfactory.obj
c:\users\timothy fernando\documents\retrolightningengine\retrolightningengine\temp\componentinterface.obj
c:\users\timothy fernando\documents\retrolightningengine\retrolightningengine\temp\factory.obj
c:\users\timothy fernando\documents\retrolightningengine\retrolightningengine\temp\gamedata.obj
c:\users\timothy fernando\documents\retrolightningengine\retrolightningengine\temp\physicscompinterface.obj
c:\users\timothy fernando\documents\retrolightningengine\retrolightningengine\temp\pickupcompinterface.obj
c:\users\timothy fernando\documents\retrolightningengine\retrolightningengine\temp\renderingcompinterface.obj
c:\users\timothy fernando\documents\retrolightningengine\retrolightningengine\temp\resourcehandler.obj
c:\users\timothy fernando\documents\retrolightningengine\retrolightningengine\temp\world.obj
c:\users\timothy fernando\documents\retrolightningengine\retrolightningengine\temp\worldrenderer.obj
c:\users\timothy fernando\documents\retrolightningengine\retrolightningengine\temp\engineinitialization.obj
c:\users\timothy fernando\documents\retrolightningengine\retrolightningengine\temp\game.obj
c:\users\timothy fernando\documents\retrolightningengine\retrolightningengine\temp\specialabilitycomponent.obj
c:\users\timothy fernando\documents\retrolightning\retrolightningengine\temp\vc141.pdb
c:\users\timothy fernando\documents\retrolightning\retrolightningengine\temp\vc141.idb
c:\users\timothy fernando\documents\retrolightning\retrolightningengine\temp\actor.obj
c:\users\timothy fernando\documents\retrolightning\retrolightningengine\temp\actorfactory.obj
c:\users\timothy fernando\documents\retrolightning\retrolightningengine\temp\aicompinterface.obj
c:\users\timothy fernando\documents\retrolightning\retrolightningengine\temp\attributecompinterface.obj
c:\users\timothy fernando\documents\retrolightning\retrolightningengine\temp\audiomanager.obj
c:\users\timothy fernando\documents\retrolightning\retrolightningengine\temp\collision.obj
c:\users\timothy fernando\documents\retrolightning\retrolightningengine\temp\componentfactory.obj
c:\users\timothy fernando\documents\retrolightning\retrolightningengine\temp\componentinterface.obj
c:\users\timothy fernando\documents\retrolightning\retrolightningengine\temp\engineinitialization.obj
c:\users\timothy fernando\documents\retrolightning\retrolightningengine\temp\factory.obj
c:\users\timothy fernando\documents\retrolightning\retrolightningengine\temp\gamedata.obj
c:\users\timothy fernando\documents\retrolightning\retrolightningengine\temp\main.obj
c:\users\timothy fernando\documents\retrolightning\retrolightningengine\temp\physicscompinterface.obj
c:\users\timothy fernando\documents\retrolightning\retrolightningengine\temp\pickupcompinterface.obj
c:\users\timothy fernando\documents\retrolightning\retrolightningengine\temp\renderingcompinterface.obj
c:\users\timothy fernando\documents\retrolightning\retrolightningengine\temp\resourcehandler.obj
c:\users\timothy fernando\documents\retrolightning\retrolightningengine\temp\specialabilitycomponent.obj
c:\users\timothy fernando\documents\retrolightning\retrolightningengine\temp\worldrenderer.obj
c:\users\timothy fernando\documents\retrolightning\retrolightningengine\temp\game.obj
c:\users\timothy fernando\documents\retrolightning\retrolightningengine\temp\world.obj
c:\users\timothy fernando\documents\retrolightning\retrolightningengine\temp\gameobject.obj
c:\users\timothy fernando\documents\retrolightning\retrolightningengine\temp\scenegraph.obj
c:\users\timothy fernando\documents\retrolightning\retrolightningengine\temp\transformcomponent.obj
c:\users\timothy fernando\documents\retrolightning\retrolightningengine\temp\physicscomponent.obj
c:\users\timothy fernando\documents\retrolightning\retrolightningengine\temp\physicshandler.obj
c:\users\timothy fernando\documents\retrolightning\retrolightningengine\temp\retrolightning.obj
c:\users\timothy fernando\documents\retrolightningengine\retrolightningengine\game\retrolightningengine.exe
c:\users\timothy fernando\documents\retrolightningengine\retrolightningengine\game\retrolightningengine.ilk
c:\users\timothy fernando\documents\retrolightningengine\retrolightningengine\game\retrolightningengine.pdb
c:\users\timothy fernando\documents\retrolightning\retrolightningengine\game\debug\win32\retrolightningengine.exe
c:\users\timothy fernando\documents\retrolightning\retrolightningengine\game\debug\win32\retrolightningengine.ilk
c:\users\timothy fernando\documents\retrolightning\retrolightningengine\game\debug\win32\retrolightningengine.pdb
c:\users\timothy fernando\documents\retrolightning\retrolightningengine\temp\actorcomponent.obj
c:\users\timothy fernando\documents\retrolightning\retrolightningengine\temp\retrolig.5c8789fb.tlog\cl.command.1.tlog
c:\users\timothy fernando\documents\retrolightning\retrolightningengine\temp\retrolig.5c8789fb.tlog\cl.read.1.tlog
c:\users\timothy fernando\documents\retrolightning\retrolightningengine\temp\retrolig.5c8789fb.tlog\cl.write.1.tlog
c:\users\timothy fernando\documents\retrolightning\retrolightningengine\temp\retrolig.5c8789fb.tlog\link-cvtres.read.1.tlog
c:\users\timothy fernando\documents\retrolightning\retrolightningengine\temp\retrolig.5c8789fb.tlog\link-cvtres.write.1.tlog
c:\users\timothy fernando\documents\retrolightning\retrolightningengine\temp\retrolig.5c8789fb.tlog\link-rc.read.1.tlog
c:\users\timothy fernando\documents\retrolightning\retrolightningengine\temp\retrolig.5c8789fb.tlog\link-rc.write.1.tlog
c:\users\timothy fernando\documents\retrolightning\retrolightningengine\temp\retrolig.5c8789fb.tlog\link.11308-cvtres.read.1.tlog
c:\users\timothy fernando\documents\retrolightning\retrolightningengine\temp\retrolig.5c8789fb.tlog\link.11308-cvtres.write.1.tlog
c:\users\timothy fernando\documents\retrolightning\retrolightningengine\temp\retrolig.5c8789fb.tlog\link.11308-rc.read.1.tlog
c:\users\timothy fernando\documents\retrolightning\retrolightningengine\temp\retrolig.5c8789fb.tlog\link.11308-rc.write.1.tlog
c:\users\timothy fernando\documents\retrolightning\retrolightningengine\temp\retrolig.5c8789fb.tlog\link.11308.read.1.tlog
c:\users\timothy fernando\documents\retrolightning\retrolightningengine\temp\retrolig.5c8789fb.tlog\link.11308.write.1.tlog
c:\users\timothy fernando\documents\retrolightning\retrolightningengine\temp\retrolig.5c8789fb.tlog\link.command.1.tlog
c:\users\timothy fernando\documents\retrolightning\retrolightningengine\temp\retrolig.5c8789fb.tlog\link.read.1.tlog
c:\users\timothy fernando\documents\retrolightning\retrolightningengine\temp\retrolig.5c8789fb.tlog\link.write.1.tlog
