c:\users\timothy fernando\documents\retrolightning\retrolightningengine\x64\debug\vc141.pdb
c:\users\timothy fernando\documents\retrolightning\retrolightningengine\x64\debug\vc141.idb
c:\users\timothy fernando\documents\retrolightning\retrolightningengine\x64\debug\actorfactory.obj
c:\users\timothy fernando\documents\retrolightning\retrolightningengine\x64\debug\aicompinterface.obj
c:\users\timothy fernando\documents\retrolightning\retrolightningengine\x64\debug\attributecompinterface.obj
c:\users\timothy fernando\documents\retrolightning\retrolightningengine\x64\debug\audiomanager.obj
c:\users\timothy fernando\documents\retrolightning\retrolightningengine\x64\debug\collision.obj
c:\users\timothy fernando\documents\retrolightning\retrolightningengine\x64\debug\componentfactory.obj
c:\users\timothy fernando\documents\retrolightning\retrolightningengine\x64\debug\componentinterface.obj
c:\users\timothy fernando\documents\retrolightning\retrolightningengine\x64\debug\engineinitialization.obj
c:\users\timothy fernando\documents\retrolightning\retrolightningengine\x64\debug\factory.obj
c:\users\timothy fernando\documents\retrolightning\retrolightningengine\x64\debug\gamedata.obj
c:\users\timothy fernando\documents\retrolightning\retrolightningengine\x64\debug\physicscompinterface.obj
c:\users\timothy fernando\documents\retrolightning\retrolightningengine\x64\debug\pickupcompinterface.obj
c:\users\timothy fernando\documents\retrolightning\retrolightningengine\x64\debug\renderingcompinterface.obj
c:\users\timothy fernando\documents\retrolightning\retrolightningengine\x64\debug\resourcehandler.obj
c:\users\timothy fernando\documents\retrolightning\retrolightningengine\x64\debug\specialabilitycomponent.obj
c:\users\timothy fernando\documents\retrolightning\retrolightningengine\x64\debug\worldrenderer.obj
c:\users\timothy fernando\documents\retrolightning\retrolightningengine\x64\debug\actor.obj
c:\users\timothy fernando\documents\retrolightning\retrolightningengine\x64\debug\retrolig.5c8789fb.tlog\cl.command.1.tlog
c:\users\timothy fernando\documents\retrolightning\retrolightningengine\x64\debug\retrolig.5c8789fb.tlog\cl.read.1.tlog
c:\users\timothy fernando\documents\retrolightning\retrolightningengine\x64\debug\retrolig.5c8789fb.tlog\cl.write.1.tlog
