  main.cpp
c:\users\timothy fernando\documents\retrolightning\retrolightningengine\main.cpp(1): fatal error C1083: Cannot open include file: 'SFML\Graphics.hpp': No such file or directory
  World.cpp
c:\users\timothy fernando\documents\retrolightning\retrolightningengine\source\transformcomponent.h(8): error C2059: syntax error: 'DirectX::XMMATRIX'
c:\users\timothy fernando\documents\retrolightning\retrolightningengine\source\transformcomponent.h(8): error C2238: unexpected token(s) preceding ';'
c:\users\timothy fernando\documents\retrolightning\retrolightningengine\source\transformcomponent.h(9): error C2059: syntax error: 'DirectX::XMMATRIX'
c:\users\timothy fernando\documents\retrolightning\retrolightningengine\source\transformcomponent.h(9): error C2238: unexpected token(s) preceding ';'
c:\users\timothy fernando\documents\retrolightning\retrolightningengine\source\world.h(3): fatal error C1083: Cannot open include file: 'SFML\Graphics.hpp': No such file or directory
  SceneGraph.cpp
c:\users\timothy fernando\documents\retrolightning\retrolightningengine\source\transformcomponent.h(8): error C2059: syntax error: 'DirectX::XMMATRIX'
c:\users\timothy fernando\documents\retrolightning\retrolightningengine\source\transformcomponent.h(8): error C2238: unexpected token(s) preceding ';'
c:\users\timothy fernando\documents\retrolightning\retrolightningengine\source\transformcomponent.h(9): error C2059: syntax error: 'DirectX::XMMATRIX'
c:\users\timothy fernando\documents\retrolightning\retrolightningengine\source\transformcomponent.h(9): error C2238: unexpected token(s) preceding ';'
  GameObject.cpp
c:\users\timothy fernando\documents\retrolightning\retrolightningengine\source\transformcomponent.h(8): error C2059: syntax error: 'DirectX::XMMATRIX'
c:\users\timothy fernando\documents\retrolightning\retrolightningengine\source\transformcomponent.h(8): error C2238: unexpected token(s) preceding ';'
c:\users\timothy fernando\documents\retrolightning\retrolightningengine\source\transformcomponent.h(9): error C2059: syntax error: 'DirectX::XMMATRIX'
c:\users\timothy fernando\documents\retrolightning\retrolightningengine\source\transformcomponent.h(9): error C2238: unexpected token(s) preceding ';'
  Game.cpp
c:\users\timothy fernando\documents\retrolightning\retrolightningengine\source\transformcomponent.h(8): error C2059: syntax error: 'DirectX::XMMATRIX'
c:\users\timothy fernando\documents\retrolightning\retrolightningengine\source\transformcomponent.h(8): error C2238: unexpected token(s) preceding ';'
c:\users\timothy fernando\documents\retrolightning\retrolightningengine\source\transformcomponent.h(9): error C2059: syntax error: 'DirectX::XMMATRIX'
c:\users\timothy fernando\documents\retrolightning\retrolightningengine\source\transformcomponent.h(9): error C2238: unexpected token(s) preceding ';'
c:\users\timothy fernando\documents\retrolightning\retrolightningengine\source\world.h(3): fatal error C1083: Cannot open include file: 'SFML\Graphics.hpp': No such file or directory
  Generating Code...
